\BOOKMARK [1][-]{section.1}{Introduction}{}% 1
\BOOKMARK [0][-]{part.1}{I Preliminaries}{}% 2
\BOOKMARK [1][-]{section.2}{The economics of software testing}{part.1}% 3
\BOOKMARK [1][-]{section.3}{Our case}{part.1}% 4
\BOOKMARK [1][-]{section.4}{Related works}{part.1}% 5
\BOOKMARK [1][-]{section.5}{Conclusion}{part.1}% 6
\BOOKMARK [0][-]{part.2}{II Software development and software testing}{}% 7
\BOOKMARK [1][-]{section.6}{Waterfall}{part.2}% 8
\BOOKMARK [1][-]{section.7}{Prototyping}{part.2}% 9
\BOOKMARK [1][-]{section.8}{Agile}{part.2}% 10
\BOOKMARK [1][-]{section.9}{Validation and verification}{part.2}% 11
\BOOKMARK [1][-]{section.10}{Code coverage}{part.2}% 12
\BOOKMARK [1][-]{section.11}{Black-box and white-box testing}{part.2}% 13
\BOOKMARK [2][-]{subsection.11.1}{Grey-box testing}{section.11}% 14
\BOOKMARK [1][-]{section.12}{Static and Dynamic testing}{part.2}% 15
\BOOKMARK [1][-]{section.13}{Type of testing}{part.2}% 16
\BOOKMARK [2][-]{subsection.13.1}{Unit testing}{section.13}% 17
\BOOKMARK [2][-]{subsection.13.2}{Integration testing}{section.13}% 18
\BOOKMARK [2][-]{subsection.13.3}{Functional testing}{section.13}% 19
\BOOKMARK [2][-]{subsection.13.4}{System testing}{section.13}% 20
\BOOKMARK [2][-]{subsection.13.5}{Acceptance testing}{section.13}% 21
\BOOKMARK [2][-]{subsection.13.6}{Regression testing}{section.13}% 22
\BOOKMARK [2][-]{subsection.13.7}{Beta testing}{section.13}% 23
\BOOKMARK [1][-]{section.14}{Requirements-based testing}{part.2}% 24
\BOOKMARK [1][-]{section.15}{Conclusion}{part.2}% 25
\BOOKMARK [0][-]{part.3}{III Formal Verification and Model Checking}{}% 26
\BOOKMARK [1][-]{section.16}{Finite State Machine}{part.3}% 27
\BOOKMARK [2][-]{subsection.16.1}{Description of Finite State Machine using graphs}{section.16}% 28
\BOOKMARK [1][-]{section.17}{Acceptors}{part.3}% 29
\BOOKMARK [1][-]{section.18}{Language}{part.3}% 30
\BOOKMARK [1][-]{section.19}{Non-Determinism}{part.3}% 31
\BOOKMARK [1][-]{section.20}{Alternating Finite Automaton}{part.3}% 32
\BOOKMARK [1][-]{section.21}{Timed Automata}{part.3}% 33
\BOOKMARK [1][-]{section.22}{Applications}{part.3}% 34
\BOOKMARK [2][-]{subsection.22.1}{UPPAL}{section.22}% 35
\BOOKMARK [2][-]{subsection.22.2}{PRISM}{section.22}% 36
\BOOKMARK [1][-]{section.23}{Conclusion}{part.3}% 37
\BOOKMARK [0][-]{part.4}{IV Case study}{}% 38
\BOOKMARK [1][-]{section.24}{Railnova}{part.4}% 39
\BOOKMARK [2][-]{subsection.24.1}{Existing system}{section.24}% 40
\BOOKMARK [2][-]{subsection.24.2}{Railster Universal Gateway}{section.24}% 41
\BOOKMARK [2][-]{subsection.24.3}{Short story}{section.24}% 42
\BOOKMARK [2][-]{subsection.24.4}{The Railnova Way}{section.24}% 43
\BOOKMARK [1][-]{section.25}{Conclusion}{part.4}% 44
\BOOKMARK [0][-]{part.5}{V Contribution}{}% 45
\BOOKMARK [1][-]{section.26}{Requirements analysis}{part.5}% 46
\BOOKMARK [2][-]{subsection.26.1}{Functional testing}{section.26}% 47
\BOOKMARK [2][-]{subsection.26.2}{System testing}{section.26}% 48
\BOOKMARK [2][-]{subsection.26.3}{Regression testing}{section.26}% 49
\BOOKMARK [1][-]{section.27}{Requirements satisfaction}{part.5}% 50
\BOOKMARK [1][-]{section.28}{Interfaces}{part.5}% 51
\BOOKMARK [2][-]{subsection.28.1}{Output\(/Inputs\) providers}{section.28}% 52
\BOOKMARK [1][-]{section.29}{Framework}{part.5}% 53
\BOOKMARK [1][-]{section.30}{Conclusion}{part.5}% 54
\BOOKMARK [0][-]{part.6}{VI Results}{}% 55
\BOOKMARK [1][-]{section.31}{Domain-specific language}{part.6}% 56
\BOOKMARK [2][-]{subsection.31.1}{Create a scenario}{section.31}% 57
\BOOKMARK [2][-]{subsection.31.2}{Add states to scenario}{section.31}% 58
\BOOKMARK [2][-]{subsection.31.3}{Add transition to state}{section.31}% 59
\BOOKMARK [2][-]{subsection.31.4}{Set initial state}{section.31}% 60
\BOOKMARK [2][-]{subsection.31.5}{Manipulate clocks}{section.31}% 61
\BOOKMARK [2][-]{subsection.31.6}{Manipulate data sources}{section.31}% 62
\BOOKMARK [2][-]{subsection.31.7}{Determinism}{section.31}% 63
\BOOKMARK [1][-]{section.32}{Nursery}{part.6}% 64
\BOOKMARK [2][-]{subsection.32.1}{Architecture}{section.32}% 65
\BOOKMARK [2][-]{subsection.32.2}{Configuration}{section.32}% 66
\BOOKMARK [2][-]{subsection.32.3}{Command line tools}{section.32}% 67
\BOOKMARK [2][-]{subsection.32.4}{Web-administration}{section.32}% 68
\BOOKMARK [0][-]{part.7}{VII Conclusion}{}% 69
\BOOKMARK [1][-]{appendix.A}{Abstraction of Inputs/Outputs}{part.7}% 70
\BOOKMARK [2][-]{subsection.A.1}{Outputs}{appendix.A}% 71
\BOOKMARK [3][-]{subsubsection.A.1.1}{How does it works}{subsection.A.1}% 72
\BOOKMARK [3][-]{subsubsection.A.1.2}{Wanesy}{subsection.A.1}% 73
\BOOKMARK [3][-]{subsubsection.A.1.3}{Log}{subsection.A.1}% 74
\BOOKMARK [3][-]{subsubsection.A.1.4}{Miscellaneous}{subsection.A.1}% 75
\BOOKMARK [2][-]{subsection.A.2}{Inputs}{appendix.A}% 76
\BOOKMARK [3][-]{subsubsection.A.2.1}{Power Management}{subsection.A.2}% 77
\BOOKMARK [3][-]{subsubsection.A.2.2}{Connectivity}{subsection.A.2}% 78
\BOOKMARK [2][-]{subsection.A.3}{The generic way}{appendix.A}% 79
\BOOKMARK [3][-]{subsubsection.A.3.1}{Outputs}{subsection.A.3}% 80
\BOOKMARK [3][-]{subsubsection.A.3.2}{Inputs}{subsection.A.3}% 81
\BOOKMARK [1][-]{appendix.B}{Test cases}{part.7}% 82
\BOOKMARK [2][-]{subsection.B.1}{Timeout check}{appendix.B}% 83
\BOOKMARK [2][-]{subsection.B.2}{Date check}{appendix.B}% 84
\BOOKMARK [2][-]{subsection.B.3}{Battery cycle}{appendix.B}% 85
\BOOKMARK [1][-]{figure.21}{References}{part.7}% 86
\BOOKMARK [1][-]{section*.4}{Glossary}{part.7}% 87
